Run 1:  Sun Jun 29 10:08:29 2025.  SL685a1842.
        Em version 18.53-Lite (64-bit Windows) on andres-k55vd local.

  Project:  Z:\home\andresmmera\.qucs\Matching_prj\Transformer.son.

    Begin electromagnetic simulation using independent parameters:
      L1 = 44.38 mm
      L2 = 43.33 mm
      L3 = 42.4395 mm
      W1 = 1.57 mm
      W2 = 2.7 mm
      W3 = 4.4 mm

    Begin electromagnetic simulation using frequency sweep:
      ABS Start = 0.1, Stop = 5 GHZ

    Frequency:  0.1 GHZ
      Subsectioning at 5 GHz with Eeff of 2.275.
      Subsectioning time:  0.268 seconds.
      De-embedding information for left box wall port(s):
        Left SOC Electric Wall: 65.0755 mm length, 527 subsections, 7 MB.
        Left SOC Magnetic Wall: 130.151 mm length, 520 subsections, 9 MB.
      De-embedding information for right box wall port(s):
        Right SOC Electric Wall: 65.0755 mm length, 770 subsections, 10 MB.
        Right SOC Magnetic Wall: 130.151 mm length, 760 subsections, 12 MB.
      Em license feature:  emlite.

      Circuit requires 1680 subsections and 22 MB of memory.

      Primary structure subsections by level and type:
      Level 0:
        Surface Staircase:  1,680

      Process memory by type:
        System matrix:            22 MB
        Elemental subsections:
          Primary structure:      4 MB
          Left standard:          2 MB
          Right standard:         7 MB
        Fourier transform:        5 MB
        Waveguide mode:           4 MB
        Adaptive band synthesis:  0 MB
        Miscellaneous:            1 MB
        TOTAL REQUIRED MEMORY:    44 MB

      Amount of RAM installed on host computer:  8 GB
      Number of logical processors:  8
      Matrix solver:  internal 64-bit SSE with loss.
      Simulation mode:  local machine.
      Threads:  using 1 thread(s), 8 core(s) available.
      Waveguide mode time:  0.019 seconds.
      Fourier transform time:  0.398 seconds.
      Coupling time:  5 seconds.
      Loss time:  0.034 seconds.
      Matrix fill time:  5 seconds.
      Matrix solve time:  1 second.
      De-embedding time for left box wall:
        SOC Electric Wall Std: 0.720 seconds.
        SOC Magnetic Wall Std: 0.708 seconds.
        Total:                 1 second.
      De-embedding time for right box wall:
        SOC Electric Wall Std: 2 seconds.
        SOC Magnetic Wall Std: 1 second.
        Total:                 4 seconds.
      Frequency completed Sun Jun 29 10:08:41 2025.

      De-embedded S-Parameters. 50 Ohm Port Terminations.
      Magnitude/Angle. Touchstone Format. (S11 S21 S12 S22).
      0.10000000 0.298419 -130.4 0.952087 -33.04 0.952087 -33.04 0.299213 -115.7
      ! P1 F=0.1 Eeff=(2.88691 - j0.0304207) Z0=(39.9025 - j0.106205)
      ! P2 F=0.1 Eeff=(3.12154 - j0.0264108) Z0=(18.3832 - j0.0276776)
      Total time per frequency:  12 seconds.

    Frequency:  5 GHZ
      Waveguide mode time:  0.020 seconds.
      Fourier transform time:  0.407 seconds.
      Coupling time:  5 seconds.
      Loss time:  0.026 seconds.
      Matrix fill time:  5 seconds.
      Matrix solve time:  1 second.
      Frequency completed Sun Jun 29 10:08:53 2025.
      5.00000000 0.508556 164.65 0.800835 82.042 0.800835 82.042 0.546849 179.49
      ! P1 F=5.0 Eeff=(2.88195 - j0.0108722) Z0=(39.648 + j0.0319434)
      ! P2 F=5.0 Eeff=(3.14157 - j0.011266) Z0=(18.2628 + j0.0214479)
      Total time per frequency:  12 seconds.
      ABS: Energy conservation for port 1 at 2.7 GHz.
      ABS: Time = 0.396 seconds.

    Frequency:  2.7 GHZ
      Waveguide mode time:  0.019 seconds.
      Fourier transform time:  0.399 seconds.
      Coupling time:  5 seconds.
      Loss time:  0.030 seconds.
      Matrix fill time:  5 seconds.
      Matrix solve time:  0.995 seconds.
      Frequency completed Sun Jun 29 10:09:06 2025.
      2.70000000 0.481904 -23.03 0.836742 -10.86 0.836742 -10.86 0.511870 -178.4
      ! P1 F=2.7 Eeff=(2.87523 - j0.0121868) Z0=(39.4401 + j0.115502)
      ! P2 F=2.7 Eeff=(3.12268 - j0.012082) Z0=(18.3338 + j0.0161676)
      Total time per frequency:  12 seconds.
      ABS: Energy conservation for port 1 at 1.24 GHz.
      ABS: Time = 0.501 seconds.

    Frequency:  1.24 GHZ
      Waveguide mode time:  0.017 seconds.
      Fourier transform time:  0.396 seconds.
      Coupling time:  5 seconds.
      Loss time:  0.027 seconds.
      Matrix fill time:  5 seconds.
      Matrix solve time:  1 second.
      Frequency completed Sun Jun 29 10:09:18 2025.
      1.24000000 0.493331 49.714 0.848647 23.818 0.848647 23.818 0.509380 177.88
      ! P1 F=1.24 Eeff=(2.87186 - j0.0141037) Z0=(39.7679 + j0.00624912)
      ! P2 F=1.24 Eeff=(3.11258 - j0.0136466) Z0=(18.3304 + j0.00994102)
      Total time per frequency:  12 seconds.
      ABS: Energy conservation for port 1 at 0.2 GHz.
      ABS: Time = 0.717 seconds.

    Frequency:  0.2 GHZ
      Waveguide mode time:  0.019 seconds.
      Fourier transform time:  0.392 seconds.
      Coupling time:  4 seconds.
      Loss time:  0.026 seconds.
      Matrix fill time:  5 seconds.
      Matrix solve time:  0.980 seconds.
      Frequency completed Sun Jun 29 10:09:31 2025.
      0.20000000 0.496074 -167.2 0.863883 -61.95 0.863883 -61.95 0.497981 -136.8
      ! P1 F=0.2 Eeff=(2.8801 - j0.0238006) Z0=(39.8544 - j0.0607677)
      ! P2 F=0.2 Eeff=(3.11629 - j0.0212082) Z0=(18.3671 - j0.012449)
      Total time per frequency:  12 seconds.
      ABS: Energy conservation for port 1 at 0.32 GHz.
      ABS: Time = 1 second.

    Frequency:  0.32 GHZ
      Waveguide mode time:  0.021 seconds.
      Fourier transform time:  0.408 seconds.
      Coupling time:  5 seconds.
      Loss time:  0.032 seconds.
      Matrix fill time:  5 seconds.
      Matrix solve time:  1 second.
      Frequency completed Sun Jun 29 10:09:45 2025.
      0.32000000 0.602822 152.13 0.791090 -91.69 0.791090 -91.69 0.606102 -155.6
      ! P1 F=0.32 Eeff=(2.87671 - j0.0204229) Z0=(39.8295 - j0.0375307)
      ! P2 F=0.32 Eeff=(3.11377 - j0.0185623) Z0=(18.3585 - j0.00468584)
      Total time per frequency:  13 seconds.
      ABS: Energy conservation for port 1 at 0.6 GHz.
      ABS: Time = 1 second.

    Frequency:  0.6 GHZ
      Waveguide mode time:  0.019 seconds.
      Fourier transform time:  0.403 seconds.
      Coupling time:  5 seconds.
      Loss time:  0.026 seconds.
      Matrix fill time:  5 seconds.
      Matrix solve time:  1 second.
      Frequency completed Sun Jun 29 10:09:59 2025.
      0.60000000 0.548252 38.958 0.824208 -160.2 0.824208 -160.2 0.556462 -179.3
      ! P1 F=0.6 Eeff=(2.87348 - j0.0169637) Z0=(39.8018 - j0.013667)
      ! P2 F=0.6 Eeff=(3.11175 - j0.0158615) Z0=(18.3477 + j0.00327368)
      Total time per frequency:  13 seconds.
      ABS: Energy conservation for port 1 at 0.12 GHz.
      ABS: Time = 1 second.

    Frequency:  0.12 GHZ
      Waveguide mode time:  0.019 seconds.
      Fourier transform time:  0.406 seconds.
      Coupling time:  5 seconds.
      Loss time:  0.034 seconds.
      Matrix fill time:  6 seconds.
      Matrix solve time:  1 second.
      Frequency completed Sun Jun 29 10:10:13 2025.
      0.12000000 0.347247 -138.1 0.935016 -39.20 0.935016 -39.20 0.348258 -120.4
      ! P1 F=0.12 Eeff=(2.88488 - j0.0284596) Z0=(39.8882 - j0.0927579)
      ! P2 F=0.12 Eeff=(3.11997 - j0.0248675) Z0=(18.3785 - j0.0231638)
      Total time per frequency:  14 seconds.
      ABS: SNR = -13.0464 dB (50.2653 dB Goal) for S1_1 at 4 GHz.
      ABS: Time = 2 seconds.

    Frequency:  4 GHZ
      Waveguide mode time:  0.019 seconds.
      Fourier transform time:  0.417 seconds.
      Coupling time:  5 seconds.
      Loss time:  0.027 seconds.
      Matrix fill time:  6 seconds.
      Matrix solve time:  0.997 seconds.
      Frequency completed Sun Jun 29 10:10:29 2025.
      4.00000000 0.048168 -125.2 0.955543 -6.110 0.955543 -6.110 0.049921 -123.5
      ! P1 F=4.0 Eeff=(2.8785 - j0.0111971) Z0=(39.6592 + j0.0326961)
      ! P2 F=4.0 Eeff=(3.13413 - j0.0114975) Z0=(18.3313 + j0.0179685)
      Total time per frequency:  15 seconds.
      ABS: SNR = 19.6094 dB (50 dB Goal) for S1_1 at 2 GHz.
      ABS: Time = 3 seconds.

    Frequency:  2 GHZ
      Waveguide mode time:  0.022 seconds.
      Fourier transform time:  0.418 seconds.
      Coupling time:  5 seconds.
      Loss time:  0.027 seconds.
      Matrix fill time:  6 seconds.
      Matrix solve time:  1 second.
      Frequency completed Sun Jun 29 10:10:45 2025.
      2.00000000 0.015847 -146.4 0.975438 178.22 0.975438 178.22 0.016371 -146.0
      ! P1 F=2.0 Eeff=(2.87284 - j0.012722) Z0=(39.7384 + j0.0160389)
      ! P2 F=2.0 Eeff=(3.11717 - j0.0125995) Z0=(18.3143 + j0.0131858)
      Total time per frequency:  16 seconds.
      ABS: SNR = 59.3384 dB (50 dB Goal) for S1_1 at 0.44 GHz.
      ABS: Time = 3 seconds.

    Post-Analysis information for em run 1:
      Total time for 10 frequencies:  2 minutes 20 seconds.
      Em errors detected: 0    Em warnings detected: 0.

Em simulation completed Sun Jun 29 10:10:49 2025.
