Run 1:  Sun Jun 29 10:08:29 2025.  SL685a1842.
        Em version 18.53-Lite (64-bit Windows) on andres-k55vd local.

  Project:  Z:\home\andresmmera\.qucs\Matching_prj\Transformer.son.

    Begin electromagnetic simulation using independent parameters:
      L1 = 44.38 mm
      L2 = 43.33 mm
      L3 = 42.4395 mm
      W1 = 1.57 mm
      W2 = 2.7 mm
      W3 = 4.4 mm

    Begin electromagnetic simulation using frequency sweep:
      ABS Start = 0.1, Stop = 5 GHZ

    Frequency:  0.1 GHZ

      De-embedded S-Parameters. 50 Ohm Port Terminations.
      Magnitude/Angle. Touchstone Format. (S11 S21 S12 S22).
      0.10000000 0.298419 -130.4 0.952087 -33.04 0.952087 -33.04 0.299213 -115.7
      ! P1 F=0.1 Eeff=(2.88691 - j0.0304207) Z0=(39.9025 - j0.106205)
      ! P2 F=0.1 Eeff=(3.12154 - j0.0264108) Z0=(18.3832 - j0.0276776)

    Frequency:  5 GHZ
      5.00000000 0.508556 164.65 0.800835 82.042 0.800835 82.042 0.546849 179.49
      ! P1 F=5.0 Eeff=(2.88195 - j0.0108722) Z0=(39.648 + j0.0319434)
      ! P2 F=5.0 Eeff=(3.14157 - j0.011266) Z0=(18.2628 + j0.0214479)

    Frequency:  2.7 GHZ
      2.70000000 0.481904 -23.03 0.836742 -10.86 0.836742 -10.86 0.511870 -178.4
      ! P1 F=2.7 Eeff=(2.87523 - j0.0121868) Z0=(39.4401 + j0.115502)
      ! P2 F=2.7 Eeff=(3.12268 - j0.012082) Z0=(18.3338 + j0.0161676)

    Frequency:  1.24 GHZ
      1.24000000 0.493331 49.714 0.848647 23.818 0.848647 23.818 0.509380 177.88
      ! P1 F=1.24 Eeff=(2.87186 - j0.0141037) Z0=(39.7679 + j0.00624912)
      ! P2 F=1.24 Eeff=(3.11258 - j0.0136466) Z0=(18.3304 + j0.00994102)

    Frequency:  0.2 GHZ
      0.20000000 0.496074 -167.2 0.863883 -61.95 0.863883 -61.95 0.497981 -136.8
      ! P1 F=0.2 Eeff=(2.8801 - j0.0238006) Z0=(39.8544 - j0.0607677)
      ! P2 F=0.2 Eeff=(3.11629 - j0.0212082) Z0=(18.3671 - j0.012449)

    Frequency:  0.32 GHZ
      0.32000000 0.602822 152.13 0.791090 -91.69 0.791090 -91.69 0.606102 -155.6
      ! P1 F=0.32 Eeff=(2.87671 - j0.0204229) Z0=(39.8295 - j0.0375307)
      ! P2 F=0.32 Eeff=(3.11377 - j0.0185623) Z0=(18.3585 - j0.00468584)

    Frequency:  0.6 GHZ
      0.60000000 0.548252 38.958 0.824208 -160.2 0.824208 -160.2 0.556462 -179.3
      ! P1 F=0.6 Eeff=(2.87348 - j0.0169637) Z0=(39.8018 - j0.013667)
      ! P2 F=0.6 Eeff=(3.11175 - j0.0158615) Z0=(18.3477 + j0.00327368)

    Frequency:  0.12 GHZ
      0.12000000 0.347247 -138.1 0.935016 -39.20 0.935016 -39.20 0.348258 -120.4
      ! P1 F=0.12 Eeff=(2.88488 - j0.0284596) Z0=(39.8882 - j0.0927579)
      ! P2 F=0.12 Eeff=(3.11997 - j0.0248675) Z0=(18.3785 - j0.0231638)

    Frequency:  4 GHZ
      4.00000000 0.048168 -125.2 0.955543 -6.110 0.955543 -6.110 0.049921 -123.5
      ! P1 F=4.0 Eeff=(2.8785 - j0.0111971) Z0=(39.6592 + j0.0326961)
      ! P2 F=4.0 Eeff=(3.13413 - j0.0114975) Z0=(18.3313 + j0.0179685)

    Frequency:  2 GHZ
      2.00000000 0.015847 -146.4 0.975438 178.22 0.975438 178.22 0.016371 -146.0
      ! P1 F=2.0 Eeff=(2.87284 - j0.012722) Z0=(39.7384 + j0.0160389)
      ! P2 F=2.0 Eeff=(3.11717 - j0.0125995) Z0=(18.3143 + j0.0131858)

Em simulation completed Sun Jun 29 10:10:49 2025.
