Run 1:  Thu Jul 03 19:22:50 2025.  SL685a1842.
        Em version 18.53-Lite (64-bit Windows) on andres-k55vd local.

  Project:  Z:\home\andresmmera\.qucs\MS_Line_prj\MS_Line.son.

    Begin electromagnetic simulation using independent parameters:
      L1 = 20 mm
      W1 = 1.1 mm

    Begin electromagnetic simulation using frequency sweep:
      ABS Start = 0.1, Stop = 5 GHZ

    Frequency:  0.1 GHZ

      De-embedded S-Parameters. 50 Ohm Port Terminations.
      Magnitude/Angle. Touchstone Format. (S11 S21 S12 S22).
      0.10000000 0.005009 82.926 0.999554 -4.001 0.999554 -4.001 0.005009 82.926
      ! P1 F=0.1 Eeff=(2.78486 - j0.0332636) Z0=(53.7251 - j0.183886)
      ! P2 F=0.1 Eeff=(2.78486 - j0.0332636) Z0=(53.7251 - j0.183886)

    Frequency:  5 GHZ
      5.00000000 0.021508 70.269 0.992957 160.85 0.992957 160.85 0.021508 70.269
      ! P1 F=5.0 Eeff=(2.77595 - j0.010927) Z0=(53.4009 + j0.0325928)
      ! P2 F=5.0 Eeff=(2.77595 - j0.010927) Z0=(53.4009 + j0.0325928)

    Frequency:  0.86 GHZ
      0.86000000 0.038472 55.277 0.997508 -34.27 0.997508 -34.27 0.038472 55.277
      ! P1 F=0.86 Eeff=(2.7677 - j0.0161237) Z0=(53.5483 - j0.0193676)
      ! P2 F=0.86 Eeff=(2.7677 - j0.0161237) Z0=(53.5483 - j0.0193676)

    Frequency:  0.36 GHZ
      0.36000000 0.017215 74.398 0.998881 -14.37 0.998881 -14.37 0.017215 74.398
      ! P1 F=0.36 Eeff=(2.77229 - j0.0210139) Z0=(53.6013 - j0.0664827)
      ! P2 F=0.36 Eeff=(2.77229 - j0.0210139) Z0=(53.6013 - j0.0664827)

    Frequency:  2.68 GHZ
      2.68000000 0.063696 -16.19 0.993859 -106.6 0.993859 -106.6 0.063696 -16.19
      ! P1 F=2.68 Eeff=(2.76765 - j0.0122372) Z0=(53.4684 + j0.0188266)
      ! P2 F=2.68 Eeff=(2.76765 - j0.0122372) Z0=(53.4684 + j0.0188266)

    Frequency:  1.7 GHZ
      1.70000000 0.062356 22.372 0.995175 -67.65 0.995175 -67.65 0.062356 22.372
      ! P1 F=1.7 Eeff=(2.76639 - j0.0135276) Z0=(53.5076 + j0.00591799)
      ! P2 F=1.7 Eeff=(2.76639 - j0.0135276) Z0=(53.5076 + j0.00591799)

    Frequency:  4.54 GHZ
      4.54000000 0.001192 69.477 0.993700 179.26 0.993700 179.26 0.001192 69.477
      ! P1 F=4.54 Eeff=(2.77391 - j0.0111) Z0=(53.4074 + j0.0307524)
      ! P2 F=4.54 Eeff=(2.77391 - j0.0111) Z0=(53.4074 + j0.0307524)

    Frequency:  3.6 GHZ
      3.60000000 0.039189 -52.36 0.994011 -143.2 0.994011 -143.2 0.039189 -52.36
      ! P1 F=3.6 Eeff=(2.77027 - j0.0115576) Z0=(53.434 + j0.0258762)
      ! P2 F=3.6 Eeff=(2.77027 - j0.0115576) Z0=(53.434 + j0.0258762)

Em simulation completed Thu Jul 03 19:22:53 2025.
